make all --print-data-base --no-builtin-variables --no-builtin-rules --question
make: *** No rule to make target 'all'.  Stop.

# GNU Make 4.3
# Built for x86_64-pc-linux-gnu
# Copyright (C) 1988-2020 Free Software Foundation, Inc.
# License GPLv3+: GNU GPL version 3 or later <http://gnu.org/licenses/gpl.html>
# This is free software: you are free to change and redistribute it.
# There is NO WARRANTY, to the extent permitted by law.

# Make data base, printed on Thu Aug 18 03:06:44 2022

# Variables

# environment
GDK_BACKEND = x11
# environment
LC_ALL = C
# environment
GNOME_SHELL_SESSION_MODE = ubuntu
# environment
SSH_AGENT_LAUNCHER = gnome-keyring
# environment
SNAP_INSTANCE_KEY = 
# environment
LC_NAME = ru_RU.UTF-8
# environment
LC_NUMERIC = ru_RU.UTF-8
# environment
VSCODE_CWD = /home/arip
# environment
WINDOWPATH = 2
# environment
LC_ADDRESS = ru_RU.UTF-8
# default
MAKE_COMMAND := make
# environment
QT_ACCESSIBILITY = 1
# automatic
@D = $(patsubst %/,%,$(dir $@))
# environment
SNAP_INSTANCE_NAME = code
# environment
GDK_PIXBUF_MODULEDIR = /snap/code/105/usr/lib/x86_64-linux-gnu/gdk-pixbuf-2.0/2.10.0/loaders
# environment
VSCODE_HANDLES_UNCAUGHT_ERRORS = true
# default
.VARIABLES := 
# environment
PWD = /home/arip/Projects/pharm
# automatic
%D = $(patsubst %/,%,$(dir $%))
# environment
XDG_DATA_DIRS = /usr/share/ubuntu:/usr/share/gnome:/usr/local/share/:/usr/share/:/var/lib/snapd/desktop
# automatic
^D = $(patsubst %/,%,$(dir $^))
# automatic
%F = $(notdir $%)
# environment
VSCODE_CODE_CACHE_PATH = /home/arip/.config/Code/CachedData/e4503b30fc78200f846c62cf8091b76ff5547662
# environment
LANG = C
# environment
XAUTHORITY = /run/user/1000/gdm/Xauthority
# default
.LOADED := 
# default
.INCLUDE_DIRS = /usr/local/include /usr/include /usr/include
# makefile
MAKEFLAGS = pqrR
# environment
DBUS_STARTER_ADDRESS = unix:path=/run/user/1000/bus,guid=e6649be787ed3b2a5a92d14162fd8213
# makefile
CURDIR := /home/arip/Projects/pharm
# environment
APPLICATION_INSIGHTS_NO_DIAGNOSTIC_CHANNEL = true
# environment
LESSOPEN = | /usr/bin/lesspipe %s
# automatic
*D = $(patsubst %/,%,$(dir $*))
# environment
MFLAGS = -pqrR
# environment
SSH_AUTH_SOCK = /run/user/1000/keyring/ssh
# default
.SHELLFLAGS := -c
# environment
XDG_CONFIG_DIRS = /etc/xdg/xdg-ubuntu:/etc/xdg
# automatic
+D = $(patsubst %/,%,$(dir $+))
# environment
XDG_SESSION_DESKTOP = ubuntu
# makefile (from 'Makefile', line 1)
MAKEFILE_LIST := Makefile
# environment
SNAP_REEXEC = 
# automatic
@F = $(notdir $@)
# environment
VSCODE_PID = 5349
# environment
XDG_SESSION_TYPE = x11
# automatic
?D = $(patsubst %/,%,$(dir $?))
# environment
BAMF_DESKTOP_FILE_HINT = /var/lib/snapd/desktop/applications/code_code.desktop
# environment
SESSION_MANAGER = local/sokol:@/tmp/.ICE-unix/2647,unix/sokol:/tmp/.ICE-unix/2647
# automatic
*F = $(notdir $*)
# environment
CHROME_DESKTOP = code-url-handler.desktop
# environment
DBUS_SESSION_BUS_ADDRESS = unix:path=/run/user/1000/bus,guid=e6649be787ed3b2a5a92d14162fd8213
# automatic
<D = $(patsubst %/,%,$(dir $<))
# environment
VSCODE_NLS_CONFIG = {"locale":"en-us","availableLanguages":{},"_languagePackSupport":true}
# default
MAKE_HOST := x86_64-pc-linux-gnu
# environment
GNOME_DESKTOP_SESSION_ID = this-is-deprecated
# makefile
SHELL = /bin/sh
# default
MAKECMDGOALS := all
# environment
XMODIFIERS = @im=ibus
# environment
SHLVL = 0
# environment
MAKELEVEL := 0
# default
MAKE = $(MAKE_COMMAND)
# environment
SNAP_COOKIE = qy3tP4GOEwT5fsuZWbemIyul5-EUUYFs8pCazrFnREhwDB1amsUK
# environment
PATH = /usr/local/sbin:/usr/local/bin:/usr/sbin:/usr/bin:/sbin:/bin:/usr/games:/usr/local/games:/snap/bin:/snap/bin
# default
MAKEFILES := 
# environment
LC_MONETARY = ru_RU.UTF-8
# automatic
^F = $(notdir $^)
# environment
SNAP_USER_COMMON = /home/arip/snap/code/common
# environment
LC_TIME = ru_RU.UTF-8
# environment
SNAP = /snap/code/105
# environment
INVOCATION_ID = f992b0b48cc6463185755e7ac7fd31d6
# environment
SNAP_REVISION = 105
# environment
SNAP_REAL_HOME = /home/arip
# environment
USERNAME = arip
# environment
LC_TELEPHONE = ru_RU.UTF-8
# environment
LESSCLOSE = /usr/bin/lesspipe %s %s
# automatic
?F = $(notdir $?)
# environment
XDG_CURRENT_DESKTOP = Unity
# environment
LS_COLORS = 
# automatic
+F = $(notdir $+)
# environment
DESKTOP_SESSION = ubuntu
# environment
ORIGINAL_XDG_CURRENT_DESKTOP = ubuntu:GNOME
# 'override' directive
GNUMAKEFLAGS := 
# environment
LOGNAME = arip
# environment
GIO_LAUNCHED_DESKTOP_FILE = /var/lib/snapd/desktop/applications/code_code.desktop
# environment
SNAP_ARCH = amd64
# makefile
.DEFAULT_GOAL := init
# environment
SYSTEMD_EXEC_PID = 2647
# environment
DISPLAY = :1
# environment
USER = arip
# environment
GTK_MODULES = gail:atk-bridge
# default
MAKE_VERSION := 4.3
# environment
DISABLE_WAYLAND = 1
# environment
SNAP_DATA = /var/snap/code/105
# environment
SNAP_CONTEXT = qy3tP4GOEwT5fsuZWbemIyul5-EUUYFs8pCazrFnREhwDB1amsUK
# environment
MANAGERPID = 2254
# environment
DBUS_STARTER_BUS_TYPE = session
# environment
LC_MEASUREMENT = ru_RU.UTF-8
# environment
GIO_LAUNCHED_DESKTOP_FILE_PID = 5307
# environment
_ = /snap/code/105/usr/share/code/code
# environment
LC_PAPER = ru_RU.UTF-8
# environment
XDG_RUNTIME_DIR = /run/user/1000
# environment
GPG_AGENT_INFO = /run/user/1000/gnupg/S.gpg-agent:0:1
# environment
GDK_PIXBUF_MODULE_FILE = /home/arip/snap/code/common/.cache/gdk-pixbuf-loaders.cache
# environment
JOURNAL_STREAM = 8:44926
# environment
XDG_SESSION_CLASS = user
# environment
VSCODE_AMD_ENTRYPOINT = vs/workbench/api/node/extensionHostProcess
# environment
HOME = /home/arip
# environment
QT_IM_MODULE = ibus
# environment
ELECTRON_RUN_AS_NODE = 1
# environment
VSCODE_IPC_HOOK = /run/user/1000/vscode-e90f1dec-1.70.2-main.sock
# environment
SNAP_NAME = code
# environment
GSETTINGS_SCHEMA_DIR = /snap/code/105/usr/share/glib-2.0/schemas
# default
.RECIPEPREFIX := 
# automatic
<F = $(notdir $<)
# environment
SNAP_VERSION = e4503b30
# default
SUFFIXES := 
# environment
VSCODE_CLI = 1
# environment
ELECTRON_NO_ATTACH_CONSOLE = 1
# environment
SNAP_COMMON = /var/snap/code/common
# default
.FEATURES := target-specific order-only second-expansion else-if shortest-stem undefine oneshell nocomment grouped-target extra-prereqs archives jobserver output-sync check-symlink load
# environment
SNAP_USER_DATA = /home/arip/snap/code/105
# environment
XDG_MENU_PREFIX = gnome-
# environment
GDMSESSION = ubuntu
# environment
LC_IDENTIFICATION = ru_RU.UTF-8
# environment
SNAP_LIBRARY_PATH = /var/lib/snapd/lib/gl:/var/lib/snapd/lib/gl32:/var/lib/snapd/void
# variable set hash-table stats:
# Load=124/1024=12%, Rehash=0, Collisions=5/154=3%

# Pattern-specific Variable Values

# No pattern-specific variable values.

# Directories

# . (device 66310, inode 12588640): 13 files, no impossibilities.

# 13 files, no impossibilities in 1 directories.

# Implicit Rules

# No implicit rules.

# Files

api-clear:
#  Implicit rule search has not been done.
#  Modification time never checked.
#  File has not been updated.
#  recipe to execute (from 'Makefile', line 85):
	docker run --rm -v ${PWD}/api:/app -w /app alpine sh -c 'rm -rf .ready storage/framework/cache/data/* storage/framework/sessions/* storage/framework/testing/* storage/framework/views/* storage/logs/*'

 
deploy:
#  Implicit rule search has not been done.
#  Modification time never checked.
#  File has not been updated.
#  recipe to execute (from 'Makefile', line 151):
	ssh -o StrictHostKeyChecking=no arip@${HOST} 'docker network create --driver=overlay traefik-public || true'
	ssh -o StrictHostKeyChecking=no arip@${HOST} 'rm -rf pharm_${BUILD_NUMBER} && mkdir pharm_${BUILD_NUMBER} && mkdir pharm_${BUILD_NUMBER}/logs'
	envsubst < docker-compose-prod.yml > docker-compose-prod-env.yml
	scp -o StrictHostKeyChecking=no docker-compose-prod-env.yml arip@${HOST}:pharm_${BUILD_NUMBER}/docker-compose.yml
	rm -f docker-compose-prod-env.yml
	ssh -o StrictHostKeyChecking=no arip@${HOST} 'cd pharm_${BUILD_NUMBER} && docker stack deploy --compose-file docker-compose.yml pharm --with-registry-auth --prune'

client-yarn-upgrade:
#  Implicit rule search has not been done.
#  Modification time never checked.
#  File has not been updated.
#  recipe to execute (from 'Makefile', line 78):
	docker compose run --rm client-node-cli yarn upgrade

client-clear:
#  Implicit rule search has not been done.
#  Modification time never checked.
#  File has not been updated.
#  recipe to execute (from 'Makefile', line 70):
	docker run --rm -v ${PWD}/client:/app -w /app alpine sh -c 'rm -rf .ready build'

api-composer-update:
#  Implicit rule search has not been done.
#  Modification time never checked.
#  File has not been updated.
#  recipe to execute (from 'Makefile', line 96):
	docker compose run --rm api-php-cli composer update

site-node-install:
#  Implicit rule search has not been done.
#  Modification time never checked.
#  File has not been updated.
#  recipe to execute (from 'Makefile', line 45):
	docker compose run --rm site-node-cli yarn install

update-deps: site-composer-update site-node-upgrade panel-yarn-upgrade restart
#  Implicit rule search has not been done.
#  Modification time never checked.
#  File has not been updated.

site-permissions:
#  Implicit rule search has not been done.
#  Modification time never checked.
#  File has not been updated.
#  recipe to execute (from 'Makefile', line 33):
	docker run --rm -v ${PWD}/site:/app -w /app alpine chmod 777 -R storage bootstrap/cache

docker-up:
#  Implicit rule search has not been done.
#  Modification time never checked.
#  File has not been updated.
#  recipe to execute (from 'Makefile', line 12):
	docker compose up -d

panel-ready:
#  Implicit rule search has not been done.
#  Modification time never checked.
#  File has not been updated.
#  recipe to execute (from 'Makefile', line 66):
	docker run --rm -v ${PWD}/panel:/app -w /app alpine touch .ready

panel-yarn-upgrade:
#  Implicit rule search has not been done.
#  Modification time never checked.
#  File has not been updated.
#  recipe to execute (from 'Makefile', line 63):
	docker compose run --rm panel-node-cli yarn upgrade

client-init: client-yarn-install
#  Implicit rule search has not been done.
#  Modification time never checked.
#  File has not been updated.

site-clear:
#  Implicit rule search has not been done.
#  Modification time never checked.
#  File has not been updated.
#  recipe to execute (from 'Makefile', line 28):
	docker run --rm -v ${PWD}/site:/app -w /app alpine sh -c 'rm -rf .ready storage/framework/cache/data/* storage/framework/sessions/* storage/framework/testing/* storage/framework/views/* storage/logs/*'

# Not a target:
Makefile:
#  Implicit rule search has been done.
#  Last modified 2022-08-11 17:36:24.132886647
#  File has been updated.
#  Successfully updated.

panel-init: panel-yarn-install
#  Implicit rule search has not been done.
#  Modification time never checked.
#  File has not been updated.

build-bot:
#  Implicit rule search has not been done.
#  Modification time never checked.
#  File has not been updated.
#  recipe to execute (from 'Makefile', line 117):
	docker --log-level=debug build --pull --file=bot/docker/Dockerfile --tag=${REGISTRY}/pharm-bot:${IMAGE_TAG} bot

push-bot:
#  Implicit rule search has not been done.
#  Modification time never checked.
#  File has not been updated.
#  recipe to execute (from 'Makefile', line 138):
	docker push ${REGISTRY}/pharm-bot:${IMAGE_TAG}

up: docker-up
#  Implicit rule search has not been done.
#  Modification time never checked.
#  File has not been updated.

site-backup:
#  Implicit rule search has not been done.
#  Modification time never checked.
#  File has not been updated.
#  recipe to execute (from 'Makefile', line 42):
	docker compose run --rm site-postgres-backup

panel-clear:
#  Implicit rule search has not been done.
#  Modification time never checked.
#  File has not been updated.
#  recipe to execute (from 'Makefile', line 55):
	docker run --rm -v ${PWD}/panel:/app -w /app alpine sh -c 'rm -rf .ready build'

build-site:
#  Implicit rule search has not been done.
#  Modification time never checked.
#  File has not been updated.
#  recipe to execute (from 'Makefile', line 124):
	docker --log-level=debug build --pull --file=site/docker/prod/nginx/Dockerfile --tag=${REGISTRY}/pharm-site:${IMAGE_TAG} site
	docker --log-level=debug build --pull --file=site/docker/prod/php-fpm/Dockerfile --tag=${REGISTRY}/pharm-site-php-fpm:${IMAGE_TAG} site
	docker --log-level=debug build --pull --file=site/docker/prod/php-cli/Dockerfile --tag=${REGISTRY}/pharm-site-php-cli:${IMAGE_TAG} site
	docker --log-level=debug build --pull --file=site/docker/common/postgres-backup/Dockerfile --tag=${REGISTRY}/pharm-db-backup:${IMAGE_TAG} site/docker/common

api-composer-install:
#  Implicit rule search has not been done.
#  Modification time never checked.
#  File has not been updated.
#  recipe to execute (from 'Makefile', line 93):
	docker compose run --rm api-php-cli composer install

site-composer-install:
#  Implicit rule search has not been done.
#  Modification time never checked.
#  File has not been updated.
#  recipe to execute (from 'Makefile', line 36):
	docker compose run --rm site-php-cli composer install

site-node-ready:
#  Implicit rule search has not been done.
#  Modification time never checked.
#  File has not been updated.
#  recipe to execute (from 'Makefile', line 51):
	docker run --rm -v ${PWD}/site:/app -w /app alpine touch .ready

client-yarn-install:
#  Implicit rule search has not been done.
#  Modification time never checked.
#  File has not been updated.
#  recipe to execute (from 'Makefile', line 75):
	docker compose run --rm client-node-cli yarn install

panel-yarn-install:
#  Implicit rule search has not been done.
#  Modification time never checked.
#  File has not been updated.
#  recipe to execute (from 'Makefile', line 60):
	docker compose run --rm panel-node-cli yarn install

site-composer-update:
#  Implicit rule search has not been done.
#  Modification time never checked.
#  File has not been updated.
#  recipe to execute (from 'Makefile', line 39):
	docker compose run --rm site-php-cli composer update

push-parser:
#  Implicit rule search has not been done.
#  Modification time never checked.
#  File has not been updated.
#  recipe to execute (from 'Makefile', line 135):
	docker push ${REGISTRY}/pharm-parser:${IMAGE_TAG}

push: push-panel push-parser push-bot push-api push-site
#  Implicit rule search has not been done.
#  Modification time never checked.
#  File has not been updated.

docker-pull:
#  Implicit rule search has not been done.
#  Modification time never checked.
#  File has not been updated.
#  recipe to execute (from 'Makefile', line 21):
	docker compose pull

api-init: api-permissions api-composer-install api-wait-db api-migrations
#  Implicit rule search has not been done.
#  Modification time never checked.
#  File has not been updated.

build-panel:
#  Implicit rule search has not been done.
#  Modification time never checked.
#  File has not been updated.
#  recipe to execute (from 'Makefile', line 111):
	docker --log-level=debug build --pull --file=panel/docker/prod/nginx/Dockerfile --tag=${REGISTRY}/pharm-panel:${IMAGE_TAG} panel

# Not a target:
.DEFAULT:
#  Implicit rule search has not been done.
#  Modification time never checked.
#  File has not been updated.

api-wait-db:
#  Implicit rule search has not been done.
#  Modification time never checked.
#  File has not been updated.
#  recipe to execute (from 'Makefile', line 99):
	docker compose run --rm api-php-cli wait-for-it db-postgres:5432 -t 30

init: init-ci site-node-ready panel-ready client-ready
#  Implicit rule search has not been done.
#  Modification time never checked.
#  File has not been updated.

# Not a target:
all:
#  Command line target.
#  Implicit rule search has been done.
#  File does not exist.
#  File has not been updated.

push-panel:
#  Implicit rule search has not been done.
#  Modification time never checked.
#  File has not been updated.
#  recipe to execute (from 'Makefile', line 132):
	docker push ${REGISTRY}/pharm-panel:${IMAGE_TAG}

restart: down up
#  Implicit rule search has not been done.
#  Modification time never checked.
#  File has not been updated.

site-init: site-permissions site-composer-install site-node-install
#  Implicit rule search has not been done.
#  Modification time never checked.
#  File has not been updated.

build: build-panel build-parser build-bot build-api build-site
#  Implicit rule search has not been done.
#  Modification time never checked.
#  File has not been updated.

site-node-upgrade:
#  Implicit rule search has not been done.
#  Modification time never checked.
#  File has not been updated.
#  recipe to execute (from 'Makefile', line 48):
	docker compose run --rm site-node-cli yarn upgrade

build-parser:
#  Implicit rule search has not been done.
#  Modification time never checked.
#  File has not been updated.
#  recipe to execute (from 'Makefile', line 114):
	docker --log-level=debug build --pull --file=parser/docker/Dockerfile --tag=${REGISTRY}/pharm-parser:${IMAGE_TAG} parser

docker-down:
#  Implicit rule search has not been done.
#  Modification time never checked.
#  File has not been updated.
#  recipe to execute (from 'Makefile', line 15):
	docker compose down --remove-orphans

rollback:
 
#  Implicit rule search has not been done.
#  Modification time never checked.
#  File has not been updated.
#  recipe to execute (from 'Makefile', line 161):
	ssh -o StrictHostKeyChecking=no arip@${HOST} 'cd pharm_${BUILD_NUMBER} && docker stack deploy --compose-file docker-compose.yml pharm --with-registry-auth --prune'

push-api:
#  Implicit rule search has not been done.
#  Modification time never checked.
#  File has not been updated.
#  recipe to execute (from 'Makefile', line 141):
	docker push ${REGISTRY}/pharm-api:${IMAGE_TAG}
	docker push ${REGISTRY}/pharm-api-php-fpm:${IMAGE_TAG}

push-site:
#  Implicit rule search has not been done.
#  Modification time never checked.
#  File has not been updated.
#  recipe to execute (from 'Makefile', line 145):
	docker push ${REGISTRY}/pharm-site:${IMAGE_TAG}
	docker push ${REGISTRY}/pharm-site-php-fpm:${IMAGE_TAG}
	docker push ${REGISTRY}/pharm-site-php-cli:${IMAGE_TAG}
	docker push ${REGISTRY}/pharm-db-backup:${IMAGE_TAG}

docker-down-clear:
#  Implicit rule search has not been done.
#  Modification time never checked.
#  File has not been updated.
#  recipe to execute (from 'Makefile', line 18):
	docker compose down -v --remove-orphans

docker-build:
#  Implicit rule search has not been done.
#  Modification time never checked.
#  File has not been updated.
#  recipe to execute (from 'Makefile', line 24):
	docker compose build --pull

build-api:
#  Implicit rule search has not been done.
#  Modification time never checked.
#  File has not been updated.
#  recipe to execute (from 'Makefile', line 120):
	docker --log-level=debug build --pull --file=api/docker/prod/nginx/Dockerfile --tag=${REGISTRY}/pharm-api:${IMAGE_TAG} api
	docker --log-level=debug build --pull --file=api/docker/prod/php-fpm/Dockerfile --tag=${REGISTRY}/pharm-api-php-fpm:${IMAGE_TAG} api

init-ci: docker-down-clear site-clear panel-clear api-clear client-clear docker-pull docker-build docker-up site-init panel-init api-init client-init
#  Implicit rule search has not been done.
#  Modification time never checked.
#  File has not been updated.

client-ready:
#  Implicit rule search has not been done.
#  Modification time never checked.
#  File has not been updated.
#  recipe to execute (from 'Makefile', line 81):
	docker run --rm -v ${PWD}/client:/app -w /app alpine touch .ready

api-migrations:
#  Implicit rule search has not been done.
#  Modification time never checked.
#  File has not been updated.
#  recipe to execute (from 'Makefile', line 102):
	docker compose run --rm api-php-cli php artisan migrate --force

down: docker-down
#  Implicit rule search has not been done.
#  Modification time never checked.
#  File has not been updated.

api-backup:
#  Implicit rule search has not been done.
#  Modification time never checked.
#  File has not been updated.
#  recipe to execute (from 'Makefile', line 105):
	docker compose run --rm api-postgres-backup

api-permissions:
#  Implicit rule search has not been done.
#  Modification time never checked.
#  File has not been updated.
#  recipe to execute (from 'Makefile', line 90):
	docker run --rm -v ${PWD}/api:/app -w /app alpine chmod 777 -R storage bootstrap/cache

# files hash-table stats:
# Load=56/1024=5%, Rehash=0, Collisions=2/148=1%
# VPATH Search Paths

# No 'vpath' search paths.

# No general ('VPATH' variable) search path.

# strcache buffers: 1 (0) / strings = 70 / storage = 808 B / avg = 11 B
# current buf: size = 8162 B / used = 808 B / count = 70 / avg = 11 B

# strcache performance: lookups = 169 / hit rate = 58%
# hash-table stats:
# Load=70/8192=1%, Rehash=0, Collisions=3/169=2%
# Finished Make data base on Thu Aug 18 03:06:44 2022

 
